mode: set
github.com/ANG13T/SatIntel/osint/batch.go:52.29,69.28 4 0
github.com/ANG13T/SatIntel/osint/batch.go:69.28,71.3 1 0
github.com/ANG13T/SatIntel/osint/batch.go:73.2,74.24 2 0
github.com/ANG13T/SatIntel/osint/batch.go:74.24,76.3 1 0
github.com/ANG13T/SatIntel/osint/batch.go:77.2,77.11 1 0
github.com/ANG13T/SatIntel/osint/batch.go:81.50,85.6 3 0
github.com/ANG13T/SatIntel/osint/batch.go:85.6,106.29 5 0
github.com/ANG13T/SatIntel/osint/batch.go:106.29,108.4 1 0
github.com/ANG13T/SatIntel/osint/batch.go:110.3,110.14 1 0
github.com/ANG13T/SatIntel/osint/batch.go:111.10,113.20 2 0
github.com/ANG13T/SatIntel/osint/batch.go:113.20,115.28 2 0
github.com/ANG13T/SatIntel/osint/batch.go:115.28,118.20 2 0
github.com/ANG13T/SatIntel/osint/batch.go:118.20,121.21 3 0
github.com/ANG13T/SatIntel/osint/batch.go:121.21,123.71 2 0
github.com/ANG13T/SatIntel/osint/batch.go:123.71,133.9 4 0
github.com/ANG13T/SatIntel/osint/batch.go:133.14,144.9 4 0
github.com/ANG13T/SatIntel/osint/batch.go:145.13,156.8 4 0
github.com/ANG13T/SatIntel/osint/batch.go:157.12,168.7 4 0
github.com/ANG13T/SatIntel/osint/batch.go:169.11,171.6 1 0
github.com/ANG13T/SatIntel/osint/batch.go:174.10,177.40 1 0
github.com/ANG13T/SatIntel/osint/batch.go:177.40,178.40 1 0
github.com/ANG13T/SatIntel/osint/batch.go:178.40,180.7 1 0
github.com/ANG13T/SatIntel/osint/batch.go:181.6,181.16 1 0
github.com/ANG13T/SatIntel/osint/batch.go:184.4,185.33 2 0
github.com/ANG13T/SatIntel/osint/batch.go:185.33,187.28 2 0
github.com/ANG13T/SatIntel/osint/batch.go:187.28,190.20 2 0
github.com/ANG13T/SatIntel/osint/batch.go:190.20,193.21 3 0
github.com/ANG13T/SatIntel/osint/batch.go:193.21,195.71 2 0
github.com/ANG13T/SatIntel/osint/batch.go:195.71,205.9 4 0
github.com/ANG13T/SatIntel/osint/batch.go:205.14,214.9 3 0
github.com/ANG13T/SatIntel/osint/batch.go:215.13,224.8 3 0
github.com/ANG13T/SatIntel/osint/batch.go:225.12,234.7 3 0
github.com/ANG13T/SatIntel/osint/batch.go:235.11,237.6 1 0
github.com/ANG13T/SatIntel/osint/batch.go:240.10,242.23 2 0
github.com/ANG13T/SatIntel/osint/batch.go:242.23,244.28 2 0
github.com/ANG13T/SatIntel/osint/batch.go:244.28,254.6 4 0
github.com/ANG13T/SatIntel/osint/batch.go:254.11,256.6 1 0
github.com/ANG13T/SatIntel/osint/batch.go:259.10,260.26 1 0
github.com/ANG13T/SatIntel/osint/batch.go:260.26,262.13 2 0
github.com/ANG13T/SatIntel/osint/batch.go:264.4,265.33 2 0
github.com/ANG13T/SatIntel/osint/batch.go:265.33,267.5 1 0
github.com/ANG13T/SatIntel/osint/batch.go:268.4,275.47 4 0
github.com/ANG13T/SatIntel/osint/batch.go:275.47,280.5 4 0
github.com/ANG13T/SatIntel/osint/batch.go:282.10,283.26 1 0
github.com/ANG13T/SatIntel/osint/batch.go:283.26,285.5 1 0
github.com/ANG13T/SatIntel/osint/batch.go:285.10,287.34 2 0
github.com/ANG13T/SatIntel/osint/batch.go:287.34,289.34 2 0
github.com/ANG13T/SatIntel/osint/batch.go:289.34,291.7 1 0
github.com/ANG13T/SatIntel/osint/batch.go:292.6,292.37 1 0
github.com/ANG13T/SatIntel/osint/batch.go:292.37,294.7 1 0
github.com/ANG13T/SatIntel/osint/batch.go:298.10,299.25 1 0
github.com/ANG13T/SatIntel/osint/batch.go:299.25,306.59 3 0
github.com/ANG13T/SatIntel/osint/batch.go:306.59,310.6 3 0
github.com/ANG13T/SatIntel/osint/batch.go:313.10,314.26 1 0
github.com/ANG13T/SatIntel/osint/batch.go:314.26,316.13 2 0
github.com/ANG13T/SatIntel/osint/batch.go:318.4,318.19 1 0
github.com/ANG13T/SatIntel/osint/batch.go:324.69,325.26 1 0
github.com/ANG13T/SatIntel/osint/batch.go:325.26,327.3 1 0
github.com/ANG13T/SatIntel/osint/batch.go:329.2,332.16 3 0
github.com/ANG13T/SatIntel/osint/batch.go:332.16,335.3 2 0
github.com/ANG13T/SatIntel/osint/batch.go:337.2,342.33 5 0
github.com/ANG13T/SatIntel/osint/batch.go:342.33,344.46 2 0
github.com/ANG13T/SatIntel/osint/batch.go:344.46,354.18 5 0
github.com/ANG13T/SatIntel/osint/batch.go:354.18,361.5 6 0
github.com/ANG13T/SatIntel/osint/batch.go:363.4,366.23 3 0
github.com/ANG13T/SatIntel/osint/batch.go:366.23,369.5 2 0
github.com/ANG13T/SatIntel/osint/batch.go:369.10,371.27 2 0
github.com/ANG13T/SatIntel/osint/batch.go:371.27,373.17 2 0
github.com/ANG13T/SatIntel/osint/batch.go:373.17,375.7 1 0
github.com/ANG13T/SatIntel/osint/batch.go:376.6,376.30 1 0
github.com/ANG13T/SatIntel/osint/batch.go:376.30,378.7 1 0
github.com/ANG13T/SatIntel/osint/batch.go:379.6,380.49 2 0
github.com/ANG13T/SatIntel/osint/batch.go:381.11,388.6 6 0
github.com/ANG13T/SatIntel/osint/batch.go:391.4,391.78 1 0
github.com/ANG13T/SatIntel/osint/batch.go:391.78,398.5 6 0
github.com/ANG13T/SatIntel/osint/batch.go:400.4,405.52 4 0
github.com/ANG13T/SatIntel/osint/batch.go:405.52,412.5 6 0
github.com/ANG13T/SatIntel/osint/batch.go:414.4,414.106 1 0
github.com/ANG13T/SatIntel/osint/batch.go:414.106,421.5 6 0
github.com/ANG13T/SatIntel/osint/batch.go:423.4,431.116 7 0
github.com/ANG13T/SatIntel/osint/batch.go:435.2,439.28 3 0
github.com/ANG13T/SatIntel/osint/batch.go:439.28,440.16 1 0
github.com/ANG13T/SatIntel/osint/batch.go:440.16,442.4 1 0
github.com/ANG13T/SatIntel/osint/batch.go:445.2,447.16 2 0
github.com/ANG13T/SatIntel/osint/batch.go:451.72,452.23 1 0
github.com/ANG13T/SatIntel/osint/batch.go:452.23,454.3 1 0
github.com/ANG13T/SatIntel/osint/batch.go:456.2,467.33 5 0
github.com/ANG13T/SatIntel/osint/batch.go:467.33,468.21 1 0
github.com/ANG13T/SatIntel/osint/batch.go:468.21,472.39 3 0
github.com/ANG13T/SatIntel/osint/batch.go:472.39,474.5 1 0
github.com/ANG13T/SatIntel/osint/batch.go:475.4,475.33 1 0
github.com/ANG13T/SatIntel/osint/batch.go:475.33,477.5 1 0
github.com/ANG13T/SatIntel/osint/batch.go:479.4,479.33 1 0
github.com/ANG13T/SatIntel/osint/batch.go:479.33,485.21 3 0
github.com/ANG13T/SatIntel/osint/batch.go:485.21,487.6 1 0
github.com/ANG13T/SatIntel/osint/batch.go:489.9,491.4 1 0
github.com/ANG13T/SatIntel/osint/batch.go:495.2,495.27 1 0
github.com/ANG13T/SatIntel/osint/batch.go:495.27,497.36 2 0
github.com/ANG13T/SatIntel/osint/batch.go:497.36,499.4 1 0
github.com/ANG13T/SatIntel/osint/batch.go:500.3,500.75 1 0
github.com/ANG13T/SatIntel/osint/batch.go:503.2,503.26 1 0
github.com/ANG13T/SatIntel/osint/batch.go:503.26,505.34 2 0
github.com/ANG13T/SatIntel/osint/batch.go:505.34,507.4 1 0
github.com/ANG13T/SatIntel/osint/batch.go:508.3,508.73 1 0
github.com/ANG13T/SatIntel/osint/batch.go:511.2,511.24 1 0
github.com/ANG13T/SatIntel/osint/batch.go:511.24,514.33 3 0
github.com/ANG13T/SatIntel/osint/batch.go:514.33,515.17 1 0
github.com/ANG13T/SatIntel/osint/batch.go:515.17,517.5 1 0
github.com/ANG13T/SatIntel/osint/batch.go:518.4,518.17 1 0
github.com/ANG13T/SatIntel/osint/batch.go:518.17,520.5 1 0
github.com/ANG13T/SatIntel/osint/batch.go:522.3,523.43 2 0
github.com/ANG13T/SatIntel/osint/batch.go:526.2,526.19 1 0
github.com/ANG13T/SatIntel/osint/batch.go:530.58,531.34 1 0
github.com/ANG13T/SatIntel/osint/batch.go:531.34,534.3 2 0
github.com/ANG13T/SatIntel/osint/batch.go:536.2,544.47 7 0
github.com/ANG13T/SatIntel/osint/batch.go:544.47,546.3 1 0
github.com/ANG13T/SatIntel/osint/batch.go:547.2,547.46 1 0
github.com/ANG13T/SatIntel/osint/batch.go:547.46,549.3 1 0
github.com/ANG13T/SatIntel/osint/batch.go:550.2,550.43 1 0
github.com/ANG13T/SatIntel/osint/batch.go:550.43,552.3 1 0
github.com/ANG13T/SatIntel/osint/batch.go:553.2,553.44 1 0
github.com/ANG13T/SatIntel/osint/batch.go:553.44,555.3 1 0
github.com/ANG13T/SatIntel/osint/batch.go:557.2,561.44 4 0
github.com/ANG13T/SatIntel/osint/batch.go:561.44,563.22 2 0
github.com/ANG13T/SatIntel/osint/batch.go:563.22,565.27 2 0
github.com/ANG13T/SatIntel/osint/batch.go:565.27,567.5 1 0
github.com/ANG13T/SatIntel/osint/batch.go:570.3,574.21 4 0
github.com/ANG13T/SatIntel/osint/batch.go:574.21,578.4 3 0
github.com/ANG13T/SatIntel/osint/batch.go:580.3,580.36 1 0
github.com/ANG13T/SatIntel/osint/batch.go:580.36,582.4 1 0
github.com/ANG13T/SatIntel/osint/batch.go:585.2,585.235 1 0
github.com/ANG13T/SatIntel/osint/batch.go:589.24,591.21 2 0
github.com/ANG13T/SatIntel/osint/batch.go:591.21,593.3 1 0
github.com/ANG13T/SatIntel/osint/batch.go:595.2,596.26 2 0
github.com/ANG13T/SatIntel/osint/batch.go:596.26,598.3 1 0
github.com/ANG13T/SatIntel/osint/batch.go:600.2,600.19 1 0
github.com/ANG13T/SatIntel/osint/batch.go:601.13,603.23 2 0
github.com/ANG13T/SatIntel/osint/batch.go:603.23,606.35 2 0
github.com/ANG13T/SatIntel/osint/batch.go:606.35,607.23 1 0
github.com/ANG13T/SatIntel/osint/batch.go:607.23,610.6 2 0
github.com/ANG13T/SatIntel/osint/batch.go:610.11,612.29 2 0
github.com/ANG13T/SatIntel/osint/batch.go:612.29,614.7 1 0
github.com/ANG13T/SatIntel/osint/batch.go:614.12,616.7 1 0
github.com/ANG13T/SatIntel/osint/batch.go:621.4,627.63 3 0
github.com/ANG13T/SatIntel/osint/batch.go:627.63,629.5 1 0
github.com/ANG13T/SatIntel/osint/batch.go:632.17,634.23 2 0
github.com/ANG13T/SatIntel/osint/batch.go:634.23,645.63 5 0
github.com/ANG13T/SatIntel/osint/batch.go:645.63,647.5 1 0
github.com/ANG13T/SatIntel/osint/batch.go:650.37,651.92 1 0
github.com/ANG13T/SatIntel/osint/batch.go:657.47,663.34 3 0
github.com/ANG13T/SatIntel/osint/batch.go:663.34,665.3 1 0
github.com/ANG13T/SatIntel/osint/batch.go:667.2,673.16 3 0
github.com/ANG13T/SatIntel/osint/batch.go:673.16,675.3 1 0
github.com/ANG13T/SatIntel/osint/batch.go:677.2,678.20 2 0
github.com/ANG13T/SatIntel/osint/batch.go:678.20,680.3 1 0
github.com/ANG13T/SatIntel/osint/batch.go:682.2,683.22 2 0
github.com/ANG13T/SatIntel/osint/batch.go:684.13,685.15 1 0
github.com/ANG13T/SatIntel/osint/batch.go:686.14,687.16 1 0
github.com/ANG13T/SatIntel/osint/batch.go:688.14,689.15 1 0
github.com/ANG13T/SatIntel/osint/batch.go:692.2,692.39 1 0
github.com/ANG13T/SatIntel/osint/batch.go:692.39,694.3 1 0
github.com/ANG13T/SatIntel/osint/batch.go:696.2,696.22 1 0
github.com/ANG13T/SatIntel/osint/batch.go:697.13,698.39 1 0
github.com/ANG13T/SatIntel/osint/batch.go:699.14,700.40 1 0
github.com/ANG13T/SatIntel/osint/batch.go:701.14,702.40 1 0
github.com/ANG13T/SatIntel/osint/batch.go:707.62,713.34 3 0
github.com/ANG13T/SatIntel/osint/batch.go:713.34,715.3 1 0
github.com/ANG13T/SatIntel/osint/batch.go:717.2,723.16 3 0
github.com/ANG13T/SatIntel/osint/batch.go:723.16,725.3 1 0
github.com/ANG13T/SatIntel/osint/batch.go:727.2,728.20 2 0
github.com/ANG13T/SatIntel/osint/batch.go:728.20,730.3 1 0
github.com/ANG13T/SatIntel/osint/batch.go:732.2,733.22 2 0
github.com/ANG13T/SatIntel/osint/batch.go:734.13,735.15 1 0
github.com/ANG13T/SatIntel/osint/batch.go:736.14,737.16 1 0
github.com/ANG13T/SatIntel/osint/batch.go:738.14,739.15 1 0
github.com/ANG13T/SatIntel/osint/batch.go:742.2,742.39 1 0
github.com/ANG13T/SatIntel/osint/batch.go:742.39,744.3 1 0
github.com/ANG13T/SatIntel/osint/batch.go:746.2,746.22 1 0
github.com/ANG13T/SatIntel/osint/batch.go:747.13,748.49 1 0
github.com/ANG13T/SatIntel/osint/batch.go:749.14,750.50 1 0
github.com/ANG13T/SatIntel/osint/batch.go:751.14,752.50 1 0
github.com/ANG13T/SatIntel/osint/batch.go:757.73,759.16 2 0
github.com/ANG13T/SatIntel/osint/batch.go:759.16,761.3 1 0
github.com/ANG13T/SatIntel/osint/batch.go:762.2,772.46 5 0
github.com/ANG13T/SatIntel/osint/batch.go:772.46,774.3 1 0
github.com/ANG13T/SatIntel/osint/batch.go:777.2,777.33 1 0
github.com/ANG13T/SatIntel/osint/batch.go:777.33,780.22 3 0
github.com/ANG13T/SatIntel/osint/batch.go:780.22,782.27 2 0
github.com/ANG13T/SatIntel/osint/batch.go:782.27,784.5 1 0
github.com/ANG13T/SatIntel/osint/batch.go:787.3,793.21 2 0
github.com/ANG13T/SatIntel/osint/batch.go:793.21,802.4 1 0
github.com/ANG13T/SatIntel/osint/batch.go:802.9,804.4 1 0
github.com/ANG13T/SatIntel/osint/batch.go:806.3,806.43 1 0
github.com/ANG13T/SatIntel/osint/batch.go:806.43,808.4 1 0
github.com/ANG13T/SatIntel/osint/batch.go:811.2,812.12 2 0
github.com/ANG13T/SatIntel/osint/batch.go:816.74,825.33 3 0
github.com/ANG13T/SatIntel/osint/batch.go:825.33,830.21 2 0
github.com/ANG13T/SatIntel/osint/batch.go:830.21,832.4 1 0
github.com/ANG13T/SatIntel/osint/batch.go:833.3,833.26 1 0
github.com/ANG13T/SatIntel/osint/batch.go:833.26,835.4 1 0
github.com/ANG13T/SatIntel/osint/batch.go:836.3,836.54 1 0
github.com/ANG13T/SatIntel/osint/batch.go:839.2,846.16 3 0
github.com/ANG13T/SatIntel/osint/batch.go:846.16,848.3 1 0
github.com/ANG13T/SatIntel/osint/batch.go:850.2,850.63 1 0
github.com/ANG13T/SatIntel/osint/batch.go:850.63,852.3 1 0
github.com/ANG13T/SatIntel/osint/batch.go:854.2,855.12 2 0
github.com/ANG13T/SatIntel/osint/batch.go:859.74,867.33 6 0
github.com/ANG13T/SatIntel/osint/batch.go:867.33,869.21 2 0
github.com/ANG13T/SatIntel/osint/batch.go:869.21,876.4 6 0
github.com/ANG13T/SatIntel/osint/batch.go:876.9,878.27 2 0
github.com/ANG13T/SatIntel/osint/batch.go:878.27,880.5 1 0
github.com/ANG13T/SatIntel/osint/batch.go:882.3,882.28 1 0
github.com/ANG13T/SatIntel/osint/batch.go:885.2,885.79 1 0
github.com/ANG13T/SatIntel/osint/batch.go:885.79,887.3 1 0
github.com/ANG13T/SatIntel/osint/batch.go:889.2,890.12 2 0
github.com/ANG13T/SatIntel/osint/batch.go:894.88,896.16 2 0
github.com/ANG13T/SatIntel/osint/batch.go:896.16,898.3 1 0
github.com/ANG13T/SatIntel/osint/batch.go:899.2,906.53 5 0
github.com/ANG13T/SatIntel/osint/batch.go:906.53,908.3 1 0
github.com/ANG13T/SatIntel/osint/batch.go:910.2,915.47 2 0
github.com/ANG13T/SatIntel/osint/batch.go:915.47,917.3 1 0
github.com/ANG13T/SatIntel/osint/batch.go:918.2,918.46 1 0
github.com/ANG13T/SatIntel/osint/batch.go:918.46,920.3 1 0
github.com/ANG13T/SatIntel/osint/batch.go:922.2,922.34 1 0
github.com/ANG13T/SatIntel/osint/batch.go:922.34,923.43 1 0
github.com/ANG13T/SatIntel/osint/batch.go:923.43,925.4 1 0
github.com/ANG13T/SatIntel/osint/batch.go:929.2,933.52 3 0
github.com/ANG13T/SatIntel/osint/batch.go:933.52,935.3 1 0
github.com/ANG13T/SatIntel/osint/batch.go:937.2,937.44 1 0
github.com/ANG13T/SatIntel/osint/batch.go:937.44,940.22 3 0
github.com/ANG13T/SatIntel/osint/batch.go:940.22,942.27 2 0
github.com/ANG13T/SatIntel/osint/batch.go:942.27,944.5 1 0
github.com/ANG13T/SatIntel/osint/batch.go:947.3,953.21 2 0
github.com/ANG13T/SatIntel/osint/batch.go:953.21,960.4 1 0
github.com/ANG13T/SatIntel/osint/batch.go:960.9,962.4 1 0
github.com/ANG13T/SatIntel/osint/batch.go:964.3,964.43 1 0
github.com/ANG13T/SatIntel/osint/batch.go:964.43,966.4 1 0
github.com/ANG13T/SatIntel/osint/batch.go:969.2,970.12 2 0
github.com/ANG13T/SatIntel/osint/batch.go:974.89,982.16 3 0
github.com/ANG13T/SatIntel/osint/batch.go:982.16,984.3 1 0
github.com/ANG13T/SatIntel/osint/batch.go:986.2,986.63 1 0
github.com/ANG13T/SatIntel/osint/batch.go:986.63,988.3 1 0
github.com/ANG13T/SatIntel/osint/batch.go:990.2,991.12 2 0
github.com/ANG13T/SatIntel/osint/batch.go:995.89,1005.47 8 0
github.com/ANG13T/SatIntel/osint/batch.go:1005.47,1007.3 1 0
github.com/ANG13T/SatIntel/osint/batch.go:1008.2,1008.46 1 0
github.com/ANG13T/SatIntel/osint/batch.go:1008.46,1010.3 1 0
github.com/ANG13T/SatIntel/osint/batch.go:1012.2,1015.44 3 0
github.com/ANG13T/SatIntel/osint/batch.go:1015.44,1017.21 2 0
github.com/ANG13T/SatIntel/osint/batch.go:1017.21,1022.4 4 0
github.com/ANG13T/SatIntel/osint/batch.go:1022.9,1024.27 2 0
github.com/ANG13T/SatIntel/osint/batch.go:1024.27,1026.5 1 0
github.com/ANG13T/SatIntel/osint/batch.go:1030.2,1032.79 2 0
github.com/ANG13T/SatIntel/osint/batch.go:1032.79,1034.3 1 0
github.com/ANG13T/SatIntel/osint/batch.go:1036.2,1037.12 2 0
github.com/ANG13T/SatIntel/osint/export.go:26.75,35.34 4 0
github.com/ANG13T/SatIntel/osint/export.go:35.34,37.3 1 0
github.com/ANG13T/SatIntel/osint/export.go:39.2,48.16 4 0
github.com/ANG13T/SatIntel/osint/export.go:48.16,50.3 1 0
github.com/ANG13T/SatIntel/osint/export.go:52.2,53.20 2 0
github.com/ANG13T/SatIntel/osint/export.go:53.20,55.3 1 0
github.com/ANG13T/SatIntel/osint/export.go:58.2,60.16 3 0
github.com/ANG13T/SatIntel/osint/export.go:61.17,62.23 1 0
github.com/ANG13T/SatIntel/osint/export.go:63.18,64.24 1 0
github.com/ANG13T/SatIntel/osint/export.go:65.18,66.23 1 0
github.com/ANG13T/SatIntel/osint/export.go:69.2,69.24 1 0
github.com/ANG13T/SatIntel/osint/export.go:69.24,71.3 1 0
github.com/ANG13T/SatIntel/osint/export.go:73.2,73.30 1 0
github.com/ANG13T/SatIntel/osint/export.go:77.69,78.16 1 0
github.com/ANG13T/SatIntel/osint/export.go:79.17,80.37 1 0
github.com/ANG13T/SatIntel/osint/export.go:81.18,82.38 1 0
github.com/ANG13T/SatIntel/osint/export.go:83.18,84.38 1 0
github.com/ANG13T/SatIntel/osint/export.go:85.10,86.54 1 0
github.com/ANG13T/SatIntel/osint/export.go:91.51,93.16 2 0
github.com/ANG13T/SatIntel/osint/export.go:93.16,95.3 1 0
github.com/ANG13T/SatIntel/osint/export.go:96.2,105.46 5 0
github.com/ANG13T/SatIntel/osint/export.go:105.46,107.3 1 0
github.com/ANG13T/SatIntel/osint/export.go:110.2,132.27 2 0
github.com/ANG13T/SatIntel/osint/export.go:132.27,133.43 1 0
github.com/ANG13T/SatIntel/osint/export.go:133.43,135.4 1 0
github.com/ANG13T/SatIntel/osint/export.go:138.2,138.12 1 0
github.com/ANG13T/SatIntel/osint/export.go:142.52,167.16 3 0
github.com/ANG13T/SatIntel/osint/export.go:167.16,169.3 1 0
github.com/ANG13T/SatIntel/osint/export.go:171.2,171.63 1 0
github.com/ANG13T/SatIntel/osint/export.go:171.63,173.3 1 0
github.com/ANG13T/SatIntel/osint/export.go:175.2,175.12 1 0
github.com/ANG13T/SatIntel/osint/export.go:179.52,206.79 24 0
github.com/ANG13T/SatIntel/osint/export.go:206.79,208.3 1 0
github.com/ANG13T/SatIntel/osint/export.go:210.2,210.12 1 0
github.com/ANG13T/SatIntel/osint/export.go:214.100,215.16 1 0
github.com/ANG13T/SatIntel/osint/export.go:216.17,217.51 1 0
github.com/ANG13T/SatIntel/osint/export.go:218.18,219.52 1 0
github.com/ANG13T/SatIntel/osint/export.go:220.18,221.52 1 0
github.com/ANG13T/SatIntel/osint/export.go:222.10,223.54 1 0
github.com/ANG13T/SatIntel/osint/export.go:228.82,230.16 2 0
github.com/ANG13T/SatIntel/osint/export.go:230.16,232.3 1 0
github.com/ANG13T/SatIntel/osint/export.go:233.2,246.50 6 0
github.com/ANG13T/SatIntel/osint/export.go:246.50,248.3 1 0
github.com/ANG13T/SatIntel/osint/export.go:249.2,249.46 1 0
github.com/ANG13T/SatIntel/osint/export.go:249.46,251.3 1 0
github.com/ANG13T/SatIntel/osint/export.go:254.2,254.49 1 0
github.com/ANG13T/SatIntel/osint/export.go:254.49,256.3 1 0
github.com/ANG13T/SatIntel/osint/export.go:259.2,265.50 2 0
github.com/ANG13T/SatIntel/osint/export.go:265.50,267.3 1 0
github.com/ANG13T/SatIntel/osint/export.go:270.2,270.35 1 0
github.com/ANG13T/SatIntel/osint/export.go:270.35,288.43 2 0
github.com/ANG13T/SatIntel/osint/export.go:288.43,290.4 1 0
github.com/ANG13T/SatIntel/osint/export.go:293.2,293.12 1 0
github.com/ANG13T/SatIntel/osint/export.go:297.83,310.16 3 0
github.com/ANG13T/SatIntel/osint/export.go:310.16,312.3 1 0
github.com/ANG13T/SatIntel/osint/export.go:314.2,314.63 1 0
github.com/ANG13T/SatIntel/osint/export.go:314.63,316.3 1 0
github.com/ANG13T/SatIntel/osint/export.go:318.2,318.12 1 0
github.com/ANG13T/SatIntel/osint/export.go:322.83,337.35 11 0
github.com/ANG13T/SatIntel/osint/export.go:337.35,347.3 5 0
github.com/ANG13T/SatIntel/osint/export.go:349.2,351.79 2 0
github.com/ANG13T/SatIntel/osint/export.go:351.79,353.3 1 0
github.com/ANG13T/SatIntel/osint/export.go:355.2,355.12 1 0
github.com/ANG13T/SatIntel/osint/export.go:359.96,360.16 1 0
github.com/ANG13T/SatIntel/osint/export.go:361.17,362.50 1 0
github.com/ANG13T/SatIntel/osint/export.go:363.18,364.51 1 0
github.com/ANG13T/SatIntel/osint/export.go:365.18,366.51 1 0
github.com/ANG13T/SatIntel/osint/export.go:367.10,368.54 1 0
github.com/ANG13T/SatIntel/osint/export.go:373.78,375.16 2 0
github.com/ANG13T/SatIntel/osint/export.go:375.16,377.3 1 0
github.com/ANG13T/SatIntel/osint/export.go:378.2,391.50 6 0
github.com/ANG13T/SatIntel/osint/export.go:391.50,393.3 1 0
github.com/ANG13T/SatIntel/osint/export.go:394.2,394.46 1 0
github.com/ANG13T/SatIntel/osint/export.go:394.46,396.3 1 0
github.com/ANG13T/SatIntel/osint/export.go:399.2,399.49 1 0
github.com/ANG13T/SatIntel/osint/export.go:399.49,401.3 1 0
github.com/ANG13T/SatIntel/osint/export.go:404.2,409.50 2 0
github.com/ANG13T/SatIntel/osint/export.go:409.50,411.3 1 0
github.com/ANG13T/SatIntel/osint/export.go:414.2,414.35 1 0
github.com/ANG13T/SatIntel/osint/export.go:414.35,428.43 2 0
github.com/ANG13T/SatIntel/osint/export.go:428.43,430.4 1 0
github.com/ANG13T/SatIntel/osint/export.go:433.2,433.12 1 0
github.com/ANG13T/SatIntel/osint/export.go:437.79,450.16 3 0
github.com/ANG13T/SatIntel/osint/export.go:450.16,452.3 1 0
github.com/ANG13T/SatIntel/osint/export.go:454.2,454.63 1 0
github.com/ANG13T/SatIntel/osint/export.go:454.63,456.3 1 0
github.com/ANG13T/SatIntel/osint/export.go:458.2,458.12 1 0
github.com/ANG13T/SatIntel/osint/export.go:462.79,477.35 11 0
github.com/ANG13T/SatIntel/osint/export.go:477.35,485.3 4 0
github.com/ANG13T/SatIntel/osint/export.go:487.2,489.79 2 0
github.com/ANG13T/SatIntel/osint/export.go:489.79,491.3 1 0
github.com/ANG13T/SatIntel/osint/export.go:493.2,493.12 1 0
github.com/ANG13T/SatIntel/osint/export.go:497.89,498.16 1 0
github.com/ANG13T/SatIntel/osint/export.go:499.17,500.52 1 0
github.com/ANG13T/SatIntel/osint/export.go:501.18,502.53 1 0
github.com/ANG13T/SatIntel/osint/export.go:503.18,504.53 1 0
github.com/ANG13T/SatIntel/osint/export.go:505.10,506.54 1 0
github.com/ANG13T/SatIntel/osint/export.go:511.71,513.16 2 0
github.com/ANG13T/SatIntel/osint/export.go:513.16,515.3 1 0
github.com/ANG13T/SatIntel/osint/export.go:516.2,527.50 6 0
github.com/ANG13T/SatIntel/osint/export.go:527.50,529.3 1 0
github.com/ANG13T/SatIntel/osint/export.go:530.2,530.46 1 0
github.com/ANG13T/SatIntel/osint/export.go:530.46,532.3 1 0
github.com/ANG13T/SatIntel/osint/export.go:535.2,535.49 1 0
github.com/ANG13T/SatIntel/osint/export.go:535.49,537.3 1 0
github.com/ANG13T/SatIntel/osint/export.go:540.2,544.49 2 0
github.com/ANG13T/SatIntel/osint/export.go:544.49,546.3 1 0
github.com/ANG13T/SatIntel/osint/export.go:549.2,549.37 1 0
github.com/ANG13T/SatIntel/osint/export.go:549.37,559.43 2 0
github.com/ANG13T/SatIntel/osint/export.go:559.43,561.4 1 0
github.com/ANG13T/SatIntel/osint/export.go:564.2,564.12 1 0
github.com/ANG13T/SatIntel/osint/export.go:568.72,579.16 3 0
github.com/ANG13T/SatIntel/osint/export.go:579.16,581.3 1 0
github.com/ANG13T/SatIntel/osint/export.go:583.2,583.63 1 0
github.com/ANG13T/SatIntel/osint/export.go:583.63,585.3 1 0
github.com/ANG13T/SatIntel/osint/export.go:587.2,587.12 1 0
github.com/ANG13T/SatIntel/osint/export.go:591.72,604.37 9 0
github.com/ANG13T/SatIntel/osint/export.go:604.37,612.3 7 0
github.com/ANG13T/SatIntel/osint/export.go:614.2,616.79 2 0
github.com/ANG13T/SatIntel/osint/export.go:616.79,618.3 1 0
github.com/ANG13T/SatIntel/osint/export.go:620.2,620.12 1 0
github.com/ANG13T/SatIntel/osint/favorites.go:32.32,34.16 2 0
github.com/ANG13T/SatIntel/osint/favorites.go:34.16,37.3 1 0
github.com/ANG13T/SatIntel/osint/favorites.go:38.2,40.51 3 0
github.com/ANG13T/SatIntel/osint/favorites.go:44.51,48.16 3 0
github.com/ANG13T/SatIntel/osint/favorites.go:48.16,49.25 1 0
github.com/ANG13T/SatIntel/osint/favorites.go:49.25,52.4 1 0
github.com/ANG13T/SatIntel/osint/favorites.go:53.3,53.67 1 0
github.com/ANG13T/SatIntel/osint/favorites.go:56.2,57.61 2 0
github.com/ANG13T/SatIntel/osint/favorites.go:57.61,59.3 1 0
github.com/ANG13T/SatIntel/osint/favorites.go:61.2,61.37 1 0
github.com/ANG13T/SatIntel/osint/favorites.go:65.57,73.16 4 0
github.com/ANG13T/SatIntel/osint/favorites.go:73.16,75.3 1 0
github.com/ANG13T/SatIntel/osint/favorites.go:77.2,77.64 1 0
github.com/ANG13T/SatIntel/osint/favorites.go:77.64,79.3 1 0
github.com/ANG13T/SatIntel/osint/favorites.go:81.2,81.12 1 0
github.com/ANG13T/SatIntel/osint/favorites.go:85.70,87.16 2 0
github.com/ANG13T/SatIntel/osint/favorites.go:87.16,89.3 1 0
github.com/ANG13T/SatIntel/osint/favorites.go:92.2,92.32 1 0
github.com/ANG13T/SatIntel/osint/favorites.go:92.32,93.29 1 0
github.com/ANG13T/SatIntel/osint/favorites.go:93.29,95.4 1 0
github.com/ANG13T/SatIntel/osint/favorites.go:98.2,107.33 3 0
github.com/ANG13T/SatIntel/osint/favorites.go:111.43,113.16 2 0
github.com/ANG13T/SatIntel/osint/favorites.go:113.16,115.3 1 0
github.com/ANG13T/SatIntel/osint/favorites.go:117.2,119.32 3 0
github.com/ANG13T/SatIntel/osint/favorites.go:119.32,120.29 1 0
github.com/ANG13T/SatIntel/osint/favorites.go:120.29,122.4 1 0
github.com/ANG13T/SatIntel/osint/favorites.go:122.9,124.4 1 0
github.com/ANG13T/SatIntel/osint/favorites.go:127.2,127.12 1 0
github.com/ANG13T/SatIntel/osint/favorites.go:127.12,129.3 1 0
github.com/ANG13T/SatIntel/osint/favorites.go:131.2,131.40 1 0
github.com/ANG13T/SatIntel/osint/favorites.go:135.47,137.16 2 0
github.com/ANG13T/SatIntel/osint/favorites.go:137.16,139.3 1 0
github.com/ANG13T/SatIntel/osint/favorites.go:141.2,141.32 1 0
github.com/ANG13T/SatIntel/osint/favorites.go:141.32,142.29 1 0
github.com/ANG13T/SatIntel/osint/favorites.go:142.29,144.4 1 0
github.com/ANG13T/SatIntel/osint/favorites.go:147.2,147.19 1 0
github.com/ANG13T/SatIntel/osint/favorites.go:151.35,153.16 2 0
github.com/ANG13T/SatIntel/osint/favorites.go:153.16,156.3 2 0
github.com/ANG13T/SatIntel/osint/favorites.go:158.2,158.25 1 0
github.com/ANG13T/SatIntel/osint/favorites.go:158.25,162.3 3 0
github.com/ANG13T/SatIntel/osint/favorites.go:164.2,165.32 2 0
github.com/ANG13T/SatIntel/osint/favorites.go:165.32,167.24 2 0
github.com/ANG13T/SatIntel/osint/favorites.go:167.24,169.4 1 0
github.com/ANG13T/SatIntel/osint/favorites.go:170.3,170.27 1 0
github.com/ANG13T/SatIntel/osint/favorites.go:170.27,172.4 1 0
github.com/ANG13T/SatIntel/osint/favorites.go:173.3,174.38 2 0
github.com/ANG13T/SatIntel/osint/favorites.go:177.2,186.16 4 0
github.com/ANG13T/SatIntel/osint/favorites.go:186.16,189.3 2 0
github.com/ANG13T/SatIntel/osint/favorites.go:191.2,191.27 1 0
github.com/ANG13T/SatIntel/osint/favorites.go:191.27,194.3 1 0
github.com/ANG13T/SatIntel/osint/favorites.go:196.2,197.73 2 0
github.com/ANG13T/SatIntel/osint/favorites.go:201.24,203.16 2 0
github.com/ANG13T/SatIntel/osint/favorites.go:203.16,206.3 2 0
github.com/ANG13T/SatIntel/osint/favorites.go:208.2,208.25 1 0
github.com/ANG13T/SatIntel/osint/favorites.go:208.25,211.3 2 0
github.com/ANG13T/SatIntel/osint/favorites.go:213.2,226.16 4 0
github.com/ANG13T/SatIntel/osint/favorites.go:226.16,228.3 1 0
github.com/ANG13T/SatIntel/osint/favorites.go:230.2,230.13 1 0
github.com/ANG13T/SatIntel/osint/favorites.go:231.9,234.33 3 0
github.com/ANG13T/SatIntel/osint/favorites.go:234.33,236.25 2 0
github.com/ANG13T/SatIntel/osint/favorites.go:236.25,238.5 1 0
github.com/ANG13T/SatIntel/osint/favorites.go:239.4,239.28 1 0
github.com/ANG13T/SatIntel/osint/favorites.go:239.28,241.5 1 0
github.com/ANG13T/SatIntel/osint/favorites.go:242.4,243.28 2 0
github.com/ANG13T/SatIntel/osint/favorites.go:243.28,245.5 1 0
github.com/ANG13T/SatIntel/osint/favorites.go:247.3,247.39 1 0
github.com/ANG13T/SatIntel/osint/favorites.go:249.9,251.33 2 0
github.com/ANG13T/SatIntel/osint/favorites.go:251.33,253.4 1 0
github.com/ANG13T/SatIntel/osint/favorites.go:254.3,262.48 4 0
github.com/ANG13T/SatIntel/osint/favorites.go:262.48,264.4 1 0
github.com/ANG13T/SatIntel/osint/favorites.go:266.3,267.58 2 0
github.com/ANG13T/SatIntel/osint/favorites.go:267.58,269.4 1 0
github.com/ANG13T/SatIntel/osint/favorites.go:269.9,271.4 1 0
github.com/ANG13T/SatIntel/osint/favorites.go:273.9,281.17 3 0
github.com/ANG13T/SatIntel/osint/favorites.go:281.17,283.4 1 0
github.com/ANG13T/SatIntel/osint/favorites.go:285.3,285.59 1 0
github.com/ANG13T/SatIntel/osint/favorites.go:285.59,286.63 1 0
github.com/ANG13T/SatIntel/osint/favorites.go:286.63,288.5 1 0
github.com/ANG13T/SatIntel/osint/favorites.go:288.10,290.5 1 0
github.com/ANG13T/SatIntel/osint/orbitalelement.go:11.23,17.20 5 0
github.com/ANG13T/SatIntel/osint/orbitalelement.go:17.20,20.19 2 0
github.com/ANG13T/SatIntel/osint/orbitalelement.go:20.19,22.4 1 0
github.com/ANG13T/SatIntel/osint/orbitalelement.go:24.3,24.47 1 0
github.com/ANG13T/SatIntel/osint/orbitalelement.go:26.8,26.27 1 0
github.com/ANG13T/SatIntel/osint/orbitalelement.go:26.27,31.3 4 0
github.com/ANG13T/SatIntel/osint/orbitalprediction.go:17.26,23.20 5 0
github.com/ANG13T/SatIntel/osint/orbitalprediction.go:23.20,25.3 1 0
github.com/ANG13T/SatIntel/osint/orbitalprediction.go:25.8,25.27 1 0
github.com/ANG13T/SatIntel/osint/orbitalprediction.go:25.27,27.3 1 0
github.com/ANG13T/SatIntel/osint/orbitalprediction.go:31.28,33.27 2 0
github.com/ANG13T/SatIntel/osint/orbitalprediction.go:33.27,36.3 2 0
github.com/ANG13T/SatIntel/osint/orbitalprediction.go:37.2,41.20 5 0
github.com/ANG13T/SatIntel/osint/orbitalprediction.go:41.20,44.3 2 0
github.com/ANG13T/SatIntel/osint/orbitalprediction.go:45.2,49.21 5 0
github.com/ANG13T/SatIntel/osint/orbitalprediction.go:49.21,52.3 2 0
github.com/ANG13T/SatIntel/osint/orbitalprediction.go:53.2,57.20 5 0
github.com/ANG13T/SatIntel/osint/orbitalprediction.go:57.20,60.3 2 0
github.com/ANG13T/SatIntel/osint/orbitalprediction.go:61.2,65.16 5 0
github.com/ANG13T/SatIntel/osint/orbitalprediction.go:65.16,68.3 2 0
github.com/ANG13T/SatIntel/osint/orbitalprediction.go:69.2,73.15 5 0
github.com/ANG13T/SatIntel/osint/orbitalprediction.go:73.15,76.3 2 0
github.com/ANG13T/SatIntel/osint/orbitalprediction.go:79.2,89.76 9 0
github.com/ANG13T/SatIntel/osint/orbitalprediction.go:89.76,92.3 2 0
github.com/ANG13T/SatIntel/osint/orbitalprediction.go:94.2,98.16 5 0
github.com/ANG13T/SatIntel/osint/orbitalprediction.go:98.16,101.3 2 0
github.com/ANG13T/SatIntel/osint/orbitalprediction.go:102.2,106.16 4 0
github.com/ANG13T/SatIntel/osint/orbitalprediction.go:106.16,109.3 2 0
github.com/ANG13T/SatIntel/osint/orbitalprediction.go:111.2,120.26 8 0
github.com/ANG13T/SatIntel/osint/orbitalprediction.go:120.26,125.36 4 0
github.com/ANG13T/SatIntel/osint/orbitalprediction.go:125.36,127.4 1 0
github.com/ANG13T/SatIntel/osint/orbitalprediction.go:128.8,130.3 1 0
github.com/ANG13T/SatIntel/osint/orbitalprediction.go:133.2,139.61 3 0
github.com/ANG13T/SatIntel/osint/orbitalprediction.go:139.61,142.17 3 0
github.com/ANG13T/SatIntel/osint/orbitalprediction.go:142.17,143.73 1 0
github.com/ANG13T/SatIntel/osint/orbitalprediction.go:143.73,145.5 1 0
github.com/ANG13T/SatIntel/osint/orbitalprediction.go:145.10,147.5 1 0
github.com/ANG13T/SatIntel/osint/orbitalprediction.go:153.27,155.27 2 0
github.com/ANG13T/SatIntel/osint/orbitalprediction.go:155.27,158.3 2 0
github.com/ANG13T/SatIntel/osint/orbitalprediction.go:159.2,163.20 5 0
github.com/ANG13T/SatIntel/osint/orbitalprediction.go:163.20,166.3 2 0
github.com/ANG13T/SatIntel/osint/orbitalprediction.go:167.2,171.21 5 0
github.com/ANG13T/SatIntel/osint/orbitalprediction.go:171.21,174.3 2 0
github.com/ANG13T/SatIntel/osint/orbitalprediction.go:175.2,179.20 5 0
github.com/ANG13T/SatIntel/osint/orbitalprediction.go:179.20,182.3 2 0
github.com/ANG13T/SatIntel/osint/orbitalprediction.go:183.2,187.16 5 0
github.com/ANG13T/SatIntel/osint/orbitalprediction.go:187.16,190.3 2 0
github.com/ANG13T/SatIntel/osint/orbitalprediction.go:191.2,195.21 5 0
github.com/ANG13T/SatIntel/osint/orbitalprediction.go:195.21,198.3 2 0
github.com/ANG13T/SatIntel/osint/orbitalprediction.go:201.2,211.76 9 0
github.com/ANG13T/SatIntel/osint/orbitalprediction.go:211.76,214.3 2 0
github.com/ANG13T/SatIntel/osint/orbitalprediction.go:216.2,218.16 3 0
github.com/ANG13T/SatIntel/osint/orbitalprediction.go:218.16,221.3 2 0
github.com/ANG13T/SatIntel/osint/orbitalprediction.go:222.2,226.16 4 0
github.com/ANG13T/SatIntel/osint/orbitalprediction.go:226.16,229.3 2 0
github.com/ANG13T/SatIntel/osint/orbitalprediction.go:231.2,240.26 8 0
github.com/ANG13T/SatIntel/osint/orbitalprediction.go:240.26,245.36 4 0
github.com/ANG13T/SatIntel/osint/orbitalprediction.go:245.36,247.4 1 0
github.com/ANG13T/SatIntel/osint/orbitalprediction.go:248.8,250.3 1 0
github.com/ANG13T/SatIntel/osint/orbitalprediction.go:253.2,259.61 3 0
github.com/ANG13T/SatIntel/osint/orbitalprediction.go:259.61,262.17 3 0
github.com/ANG13T/SatIntel/osint/orbitalprediction.go:262.17,263.72 1 0
github.com/ANG13T/SatIntel/osint/orbitalprediction.go:263.72,265.5 1 0
github.com/ANG13T/SatIntel/osint/orbitalprediction.go:265.10,267.5 1 0
github.com/ANG13T/SatIntel/osint/orbitalprediction.go:273.50,278.20 5 0
github.com/ANG13T/SatIntel/osint/orbitalprediction.go:278.20,281.19 2 0
github.com/ANG13T/SatIntel/osint/orbitalprediction.go:281.19,283.4 1 0
github.com/ANG13T/SatIntel/osint/orbitalprediction.go:285.3,285.75 1 0
github.com/ANG13T/SatIntel/osint/orbitalprediction.go:287.8,287.27 1 0
github.com/ANG13T/SatIntel/osint/orbitalprediction.go:287.27,292.3 4 0
github.com/ANG13T/SatIntel/osint/orbitalprediction.go:294.2,294.33 1 0
github.com/ANG13T/SatIntel/osint/orbitalprediction.go:350.45,352.29 2 0
github.com/ANG13T/SatIntel/osint/orbitalprediction.go:352.29,353.65 1 0
github.com/ANG13T/SatIntel/osint/orbitalprediction.go:353.65,355.4 1 0
github.com/ANG13T/SatIntel/osint/orbitalprediction.go:357.2,357.24 1 0
github.com/ANG13T/SatIntel/osint/orbitalprediction.go:361.44,376.10 15 0
github.com/ANG13T/SatIntel/osint/orbitalprediction.go:376.10,378.3 1 0
github.com/ANG13T/SatIntel/osint/orbitalprediction.go:378.8,380.3 1 0
github.com/ANG13T/SatIntel/osint/orbitalprediction.go:384.48,395.10 11 0
github.com/ANG13T/SatIntel/osint/orbitalprediction.go:395.10,397.3 1 0
github.com/ANG13T/SatIntel/osint/orbitalprediction.go:397.8,399.3 1 0
github.com/ANG13T/SatIntel/osint/osint.go:25.36,34.16 7 0
github.com/ANG13T/SatIntel/osint/osint.go:34.16,37.3 2 0
github.com/ANG13T/SatIntel/osint/osint.go:39.2,44.16 3 0
github.com/ANG13T/SatIntel/osint/osint.go:44.16,47.3 2 0
github.com/ANG13T/SatIntel/osint/osint.go:48.2,50.38 2 0
github.com/ANG13T/SatIntel/osint/osint.go:50.38,53.3 2 0
github.com/ANG13T/SatIntel/osint/osint.go:55.2,57.20 3 0
github.com/ANG13T/SatIntel/osint/osint.go:62.76,67.16 4 0
github.com/ANG13T/SatIntel/osint/osint.go:67.16,70.3 2 0
github.com/ANG13T/SatIntel/osint/osint.go:72.2,73.16 2 0
github.com/ANG13T/SatIntel/osint/osint.go:73.16,76.3 2 0
github.com/ANG13T/SatIntel/osint/osint.go:77.2,79.38 2 0
github.com/ANG13T/SatIntel/osint/osint.go:79.38,82.3 2 0
github.com/ANG13T/SatIntel/osint/osint.go:84.2,85.16 2 0
github.com/ANG13T/SatIntel/osint/osint.go:85.16,88.3 2 0
github.com/ANG13T/SatIntel/osint/osint.go:89.2,90.26 2 0
github.com/ANG13T/SatIntel/osint/osint.go:94.38,97.46 3 0
github.com/ANG13T/SatIntel/osint/osint.go:97.46,99.3 1 0
github.com/ANG13T/SatIntel/osint/osint.go:100.2,100.27 1 0
github.com/ANG13T/SatIntel/osint/osint.go:104.48,106.16 2 0
github.com/ANG13T/SatIntel/osint/osint.go:106.16,109.3 2 0
github.com/ANG13T/SatIntel/osint/osint.go:111.2,113.16 3 0
github.com/ANG13T/SatIntel/osint/osint.go:113.16,116.3 2 0
github.com/ANG13T/SatIntel/osint/osint.go:118.2,122.21 3 0
github.com/ANG13T/SatIntel/osint/osint.go:122.21,125.3 2 0
github.com/ANG13T/SatIntel/osint/osint.go:125.8,127.24 2 0
github.com/ANG13T/SatIntel/osint/osint.go:127.24,130.4 2 0
github.com/ANG13T/SatIntel/osint/osint.go:133.3,134.24 2 0
github.com/ANG13T/SatIntel/osint/osint.go:134.24,136.4 1 0
github.com/ANG13T/SatIntel/osint/osint.go:137.3,137.26 1 0
github.com/ANG13T/SatIntel/osint/osint.go:137.26,139.4 1 0
github.com/ANG13T/SatIntel/osint/osint.go:141.3,141.14 1 0
github.com/ANG13T/SatIntel/osint/osint.go:141.14,143.4 1 0
github.com/ANG13T/SatIntel/osint/osint.go:145.3,145.27 1 0
github.com/ANG13T/SatIntel/osint/osint.go:145.27,147.4 1 0
github.com/ANG13T/SatIntel/osint/osint.go:149.3,150.46 2 0
github.com/ANG13T/SatIntel/osint/osint.go:153.2,153.39 1 0
github.com/ANG13T/SatIntel/osint/osint.go:153.39,156.3 2 0
github.com/ANG13T/SatIntel/osint/osint.go:157.2,157.39 1 0
github.com/ANG13T/SatIntel/osint/osint.go:157.39,160.3 2 0
github.com/ANG13T/SatIntel/osint/osint.go:162.2,169.50 5 0
github.com/ANG13T/SatIntel/osint/osint.go:169.50,171.3 1 0
github.com/ANG13T/SatIntel/osint/osint.go:171.8,171.111 1 0
github.com/ANG13T/SatIntel/osint/osint.go:171.111,173.3 1 0
github.com/ANG13T/SatIntel/osint/osint.go:175.2,175.19 1 0
github.com/ANG13T/SatIntel/osint/osint.go:175.19,179.53 4 0
github.com/ANG13T/SatIntel/osint/osint.go:179.53,181.4 1 0
github.com/ANG13T/SatIntel/osint/osint.go:182.3,182.9 1 0
github.com/ANG13T/SatIntel/osint/osint.go:185.2,185.15 1 0
github.com/ANG13T/SatIntel/osint/osint.go:190.102,195.19 3 0
github.com/ANG13T/SatIntel/osint/osint.go:195.19,197.3 1 0
github.com/ANG13T/SatIntel/osint/osint.go:198.2,198.22 1 0
github.com/ANG13T/SatIntel/osint/osint.go:198.22,200.3 1 0
github.com/ANG13T/SatIntel/osint/osint.go:201.2,201.22 1 0
github.com/ANG13T/SatIntel/osint/osint.go:201.22,203.3 1 0
github.com/ANG13T/SatIntel/osint/osint.go:206.2,210.22 2 0
github.com/ANG13T/SatIntel/osint/osint.go:210.22,213.3 1 0
github.com/ANG13T/SatIntel/osint/osint.go:213.8,213.25 1 0
github.com/ANG13T/SatIntel/osint/osint.go:213.25,216.3 2 0
github.com/ANG13T/SatIntel/osint/osint.go:216.8,218.3 1 0
github.com/ANG13T/SatIntel/osint/osint.go:220.2,221.32 2 0
github.com/ANG13T/SatIntel/osint/osint.go:225.78,226.22 1 0
github.com/ANG13T/SatIntel/osint/osint.go:226.22,228.3 1 0
github.com/ANG13T/SatIntel/osint/osint.go:229.2,231.27 3 0
github.com/ANG13T/SatIntel/osint/osint.go:231.27,232.66 1 0
github.com/ANG13T/SatIntel/osint/osint.go:232.66,234.4 1 0
github.com/ANG13T/SatIntel/osint/osint.go:236.2,236.17 1 0
github.com/ANG13T/SatIntel/osint/osint.go:240.56,246.6 5 0
github.com/ANG13T/SatIntel/osint/osint.go:246.6,263.17 4 0
github.com/ANG13T/SatIntel/osint/osint.go:263.17,265.4 1 0
github.com/ANG13T/SatIntel/osint/osint.go:267.3,267.14 1 0
github.com/ANG13T/SatIntel/osint/osint.go:268.10,275.18 3 0
github.com/ANG13T/SatIntel/osint/osint.go:275.18,277.5 1 0
github.com/ANG13T/SatIntel/osint/osint.go:279.10,286.18 3 0
github.com/ANG13T/SatIntel/osint/osint.go:286.18,288.5 1 0
github.com/ANG13T/SatIntel/osint/osint.go:290.10,304.18 4 0
github.com/ANG13T/SatIntel/osint/osint.go:304.18,306.5 1 0
github.com/ANG13T/SatIntel/osint/osint.go:308.10,315.18 3 0
github.com/ANG13T/SatIntel/osint/osint.go:315.18,317.5 1 0
github.com/ANG13T/SatIntel/osint/osint.go:319.10,324.68 5 0
github.com/ANG13T/SatIntel/osint/osint.go:326.10,327.54 1 0
github.com/ANG13T/SatIntel/osint/osint.go:331.3,331.80 1 0
github.com/ANG13T/SatIntel/osint/osint.go:331.80,333.24 2 0
github.com/ANG13T/SatIntel/osint/osint.go:333.24,335.5 1 0
github.com/ANG13T/SatIntel/osint/osint.go:336.4,336.21 1 0
github.com/ANG13T/SatIntel/osint/osint.go:336.21,338.5 1 0
github.com/ANG13T/SatIntel/osint/osint.go:339.4,339.24 1 0
github.com/ANG13T/SatIntel/osint/osint.go:339.24,341.5 1 0
github.com/ANG13T/SatIntel/osint/osint.go:342.4,342.24 1 0
github.com/ANG13T/SatIntel/osint/osint.go:342.24,344.5 1 0
github.com/ANG13T/SatIntel/osint/osint.go:345.4,345.17 1 0
github.com/ANG13T/SatIntel/osint/osint.go:352.31,366.16 4 0
github.com/ANG13T/SatIntel/osint/osint.go:366.16,368.3 1 0
github.com/ANG13T/SatIntel/osint/osint.go:370.2,370.21 1 0
github.com/ANG13T/SatIntel/osint/osint.go:370.21,373.19 2 0
github.com/ANG13T/SatIntel/osint/osint.go:373.19,376.4 1 0
github.com/ANG13T/SatIntel/osint/osint.go:377.3,377.12 1 0
github.com/ANG13T/SatIntel/osint/osint.go:378.8,378.28 1 0
github.com/ANG13T/SatIntel/osint/osint.go:378.28,381.3 1 0
github.com/ANG13T/SatIntel/osint/osint.go:384.2,385.16 2 0
github.com/ANG13T/SatIntel/osint/osint.go:385.16,388.3 2 0
github.com/ANG13T/SatIntel/osint/osint.go:391.2,398.6 6 0
github.com/ANG13T/SatIntel/osint/osint.go:398.6,403.52 2 0
github.com/ANG13T/SatIntel/osint/osint.go:403.52,409.18 5 0
github.com/ANG13T/SatIntel/osint/osint.go:409.18,412.5 2 0
github.com/ANG13T/SatIntel/osint/osint.go:414.4,415.69 2 0
github.com/ANG13T/SatIntel/osint/osint.go:415.69,419.5 3 0
github.com/ANG13T/SatIntel/osint/osint.go:422.4,428.37 5 0
github.com/ANG13T/SatIntel/osint/osint.go:428.37,430.5 1 0
github.com/ANG13T/SatIntel/osint/osint.go:431.4,431.39 1 0
github.com/ANG13T/SatIntel/osint/osint.go:431.39,433.5 1 0
github.com/ANG13T/SatIntel/osint/osint.go:433.10,435.5 1 0
github.com/ANG13T/SatIntel/osint/osint.go:436.9,436.30 1 0
github.com/ANG13T/SatIntel/osint/osint.go:436.30,440.37 3 0
github.com/ANG13T/SatIntel/osint/osint.go:440.37,442.5 1 0
github.com/ANG13T/SatIntel/osint/osint.go:443.4,443.39 1 0
github.com/ANG13T/SatIntel/osint/osint.go:443.39,445.5 1 0
github.com/ANG13T/SatIntel/osint/osint.go:445.10,447.5 1 0
github.com/ANG13T/SatIntel/osint/osint.go:448.9,454.18 5 0
github.com/ANG13T/SatIntel/osint/osint.go:454.18,457.5 2 0
github.com/ANG13T/SatIntel/osint/osint.go:459.4,459.62 1 0
github.com/ANG13T/SatIntel/osint/osint.go:459.62,463.5 3 0
github.com/ANG13T/SatIntel/osint/osint.go:464.4,464.18 1 0
github.com/ANG13T/SatIntel/osint/osint.go:467.3,467.21 1 0
github.com/ANG13T/SatIntel/osint/osint.go:467.21,471.4 3 0
github.com/ANG13T/SatIntel/osint/osint.go:474.3,475.28 2 0
github.com/ANG13T/SatIntel/osint/osint.go:475.28,477.25 2 0
github.com/ANG13T/SatIntel/osint/osint.go:477.25,479.5 1 0
github.com/ANG13T/SatIntel/osint/osint.go:480.4,480.29 1 0
github.com/ANG13T/SatIntel/osint/osint.go:480.29,482.5 1 0
github.com/ANG13T/SatIntel/osint/osint.go:483.4,483.41 1 0
github.com/ANG13T/SatIntel/osint/osint.go:487.3,489.23 3 0
github.com/ANG13T/SatIntel/osint/osint.go:489.23,491.4 1 0
github.com/ANG13T/SatIntel/osint/osint.go:491.9,493.4 1 0
github.com/ANG13T/SatIntel/osint/osint.go:495.3,495.15 1 0
github.com/ANG13T/SatIntel/osint/osint.go:495.15,497.4 1 0
github.com/ANG13T/SatIntel/osint/osint.go:498.3,499.18 2 0
github.com/ANG13T/SatIntel/osint/osint.go:499.18,501.4 1 0
github.com/ANG13T/SatIntel/osint/osint.go:502.3,505.41 3 0
github.com/ANG13T/SatIntel/osint/osint.go:505.41,507.4 1 0
github.com/ANG13T/SatIntel/osint/osint.go:508.3,508.43 1 0
github.com/ANG13T/SatIntel/osint/osint.go:508.43,510.4 1 0
github.com/ANG13T/SatIntel/osint/osint.go:510.9,512.4 1 0
github.com/ANG13T/SatIntel/osint/osint.go:514.3,521.17 3 0
github.com/ANG13T/SatIntel/osint/osint.go:521.17,524.4 2 0
github.com/ANG13T/SatIntel/osint/osint.go:527.3,527.27 1 0
github.com/ANG13T/SatIntel/osint/osint.go:527.27,530.12 2 0
github.com/ANG13T/SatIntel/osint/osint.go:533.3,534.15 2 0
github.com/ANG13T/SatIntel/osint/osint.go:534.15,536.4 1 0
github.com/ANG13T/SatIntel/osint/osint.go:538.3,538.56 1 0
github.com/ANG13T/SatIntel/osint/osint.go:538.56,546.14 5 0
github.com/ANG13T/SatIntel/osint/osint.go:546.14,553.62 3 0
github.com/ANG13T/SatIntel/osint/osint.go:553.62,554.133 1 0
github.com/ANG13T/SatIntel/osint/osint.go:554.133,556.7 1 0
github.com/ANG13T/SatIntel/osint/osint.go:556.12,558.7 1 0
github.com/ANG13T/SatIntel/osint/osint.go:562.4,562.17 1 0
github.com/ANG13T/SatIntel/osint/osint.go:565.3,566.40 2 0
github.com/ANG13T/SatIntel/osint/osint.go:566.40,569.12 2 0
github.com/ANG13T/SatIntel/osint/osint.go:572.3,573.18 2 0
github.com/ANG13T/SatIntel/osint/osint.go:573.18,575.4 1 0
github.com/ANG13T/SatIntel/osint/osint.go:576.3,578.26 2 0
github.com/ANG13T/SatIntel/osint/osint.go:578.26,581.23 2 0
github.com/ANG13T/SatIntel/osint/osint.go:581.23,583.5 1 0
github.com/ANG13T/SatIntel/osint/osint.go:585.4,585.12 1 0
github.com/ANG13T/SatIntel/osint/osint.go:588.3,588.67 1 0
github.com/ANG13T/SatIntel/osint/osint.go:588.67,594.12 5 0
github.com/ANG13T/SatIntel/osint/osint.go:598.3,598.12 1 0
github.com/ANG13T/SatIntel/osint/osint.go:603.54,607.2 3 1
github.com/ANG13T/SatIntel/osint/osint.go:611.35,616.16 5 0
github.com/ANG13T/SatIntel/osint/osint.go:616.16,619.3 2 0
github.com/ANG13T/SatIntel/osint/osint.go:619.8,620.17 1 0
github.com/ANG13T/SatIntel/osint/osint.go:620.17,624.4 3 0
github.com/ANG13T/SatIntel/osint/osint.go:624.9,624.38 1 0
github.com/ANG13T/SatIntel/osint/osint.go:624.38,626.4 1 0
github.com/ANG13T/SatIntel/osint/osint.go:626.9,629.4 2 0
github.com/ANG13T/SatIntel/osint/progress.go:23.42,32.2 1 0
github.com/ANG13T/SatIntel/osint/progress.go:35.27,36.15 1 0
github.com/ANG13T/SatIntel/osint/progress.go:36.15,38.3 1 0
github.com/ANG13T/SatIntel/osint/progress.go:39.2,41.12 2 0
github.com/ANG13T/SatIntel/osint/progress.go:41.12,45.7 3 0
github.com/ANG13T/SatIntel/osint/progress.go:45.7,46.11 1 0
github.com/ANG13T/SatIntel/osint/progress.go:47.22,49.11 2 0
github.com/ANG13T/SatIntel/osint/progress.go:50.20,52.43 2 0
github.com/ANG13T/SatIntel/osint/progress.go:59.26,60.16 1 0
github.com/ANG13T/SatIntel/osint/progress.go:60.16,62.3 1 0
github.com/ANG13T/SatIntel/osint/progress.go:63.2,66.19 4 0
github.com/ANG13T/SatIntel/osint/progress.go:70.49,72.2 1 0
github.com/ANG13T/SatIntel/osint/progress.go:84.61,92.2 1 0
github.com/ANG13T/SatIntel/osint/progress.go:95.44,96.18 1 0
github.com/ANG13T/SatIntel/osint/progress.go:96.18,98.3 1 0
github.com/ANG13T/SatIntel/osint/progress.go:99.2,100.27 2 0
github.com/ANG13T/SatIntel/osint/progress.go:100.27,102.3 1 0
github.com/ANG13T/SatIntel/osint/progress.go:103.2,103.13 1 0
github.com/ANG13T/SatIntel/osint/progress.go:107.36,108.18 1 0
github.com/ANG13T/SatIntel/osint/progress.go:108.18,110.3 1 0
github.com/ANG13T/SatIntel/osint/progress.go:111.2,112.27 2 0
github.com/ANG13T/SatIntel/osint/progress.go:112.27,114.3 1 0
github.com/ANG13T/SatIntel/osint/progress.go:115.2,115.13 1 0
github.com/ANG13T/SatIntel/osint/progress.go:119.44,121.27 2 0
github.com/ANG13T/SatIntel/osint/progress.go:121.27,123.3 1 0
github.com/ANG13T/SatIntel/osint/progress.go:124.2,124.13 1 0
github.com/ANG13T/SatIntel/osint/progress.go:128.33,140.2 5 0
github.com/ANG13T/SatIntel/osint/progress.go:143.35,144.18 1 0
github.com/ANG13T/SatIntel/osint/progress.go:144.18,146.3 1 0
github.com/ANG13T/SatIntel/osint/progress.go:147.2,150.15 4 0
github.com/ANG13T/SatIntel/osint/progress.go:154.35,156.2 1 0
github.com/ANG13T/SatIntel/osint/progress.go:159.21,161.2 1 0
github.com/ANG13T/SatIntel/osint/progress.go:164.55,168.2 3 0
github.com/ANG13T/SatIntel/osint/progress.go:171.66,173.2 1 0
github.com/ANG13T/SatIntel/osint/progress.go:176.49,179.2 2 0
github.com/ANG13T/SatIntel/osint/progress.go:182.57,186.22 4 0
github.com/ANG13T/SatIntel/osint/progress.go:186.22,188.3 1 0
github.com/ANG13T/SatIntel/osint/progress.go:192.35,194.2 1 0
github.com/ANG13T/SatIntel/osint/progress.go:197.50,200.42 2 0
github.com/ANG13T/SatIntel/osint/progress.go:200.42,202.3 1 0
github.com/ANG13T/SatIntel/osint/progress.go:202.8,202.46 1 0
github.com/ANG13T/SatIntel/osint/progress.go:202.46,204.3 1 0
github.com/ANG13T/SatIntel/osint/progress.go:204.8,204.53 1 0
github.com/ANG13T/SatIntel/osint/progress.go:204.53,206.3 1 0
github.com/ANG13T/SatIntel/osint/progress.go:207.2,207.66 1 0
github.com/ANG13T/SatIntel/osint/progress.go:211.53,213.2 1 0
github.com/ANG13T/SatIntel/osint/progress.go:216.24,218.16 2 0
github.com/ANG13T/SatIntel/osint/progress.go:218.16,220.3 1 0
github.com/ANG13T/SatIntel/osint/progress.go:221.2,221.51 1 0
github.com/ANG13T/SatIntel/osint/progress.go:225.41,226.18 1 0
github.com/ANG13T/SatIntel/osint/progress.go:226.18,228.3 1 0
github.com/ANG13T/SatIntel/osint/progress.go:228.8,230.3 1 0
github.com/ANG13T/SatIntel/osint/progress.go:234.27,235.18 1 0
github.com/ANG13T/SatIntel/osint/progress.go:235.18,237.3 1 0
github.com/ANG13T/SatIntel/osint/satelliteposition.go:17.39,23.20 5 0
github.com/ANG13T/SatIntel/osint/satelliteposition.go:23.20,26.19 2 0
github.com/ANG13T/SatIntel/osint/satelliteposition.go:26.19,28.4 1 0
github.com/ANG13T/SatIntel/osint/satelliteposition.go:30.3,30.36 1 0
github.com/ANG13T/SatIntel/osint/satelliteposition.go:32.8,32.27 1 0
github.com/ANG13T/SatIntel/osint/satelliteposition.go:32.27,37.3 4 0
github.com/ANG13T/SatIntel/osint/satelliteposition.go:41.32,46.20 5 0
github.com/ANG13T/SatIntel/osint/satelliteposition.go:46.20,49.3 2 0
github.com/ANG13T/SatIntel/osint/satelliteposition.go:50.2,54.21 5 0
github.com/ANG13T/SatIntel/osint/satelliteposition.go:54.21,57.3 2 0
github.com/ANG13T/SatIntel/osint/satelliteposition.go:58.2,62.20 5 0
github.com/ANG13T/SatIntel/osint/satelliteposition.go:62.20,65.3 2 0
github.com/ANG13T/SatIntel/osint/satelliteposition.go:68.2,76.46 7 0
github.com/ANG13T/SatIntel/osint/satelliteposition.go:76.46,79.3 2 0
github.com/ANG13T/SatIntel/osint/satelliteposition.go:81.2,85.16 5 0
github.com/ANG13T/SatIntel/osint/satelliteposition.go:85.16,88.3 2 0
github.com/ANG13T/SatIntel/osint/satelliteposition.go:89.2,93.16 4 0
github.com/ANG13T/SatIntel/osint/satelliteposition.go:93.16,96.3 2 0
github.com/ANG13T/SatIntel/osint/satelliteposition.go:98.2,109.38 9 0
github.com/ANG13T/SatIntel/osint/satelliteposition.go:109.38,111.3 1 0
github.com/ANG13T/SatIntel/osint/satelliteposition.go:114.2,120.61 3 0
github.com/ANG13T/SatIntel/osint/satelliteposition.go:120.61,123.17 3 0
github.com/ANG13T/SatIntel/osint/satelliteposition.go:123.17,124.74 1 0
github.com/ANG13T/SatIntel/osint/satelliteposition.go:124.74,126.5 1 0
github.com/ANG13T/SatIntel/osint/satelliteposition.go:126.10,128.5 1 0
github.com/ANG13T/SatIntel/osint/satelliteposition.go:134.20,135.2 0 0
github.com/ANG13T/SatIntel/osint/satelliteposition.go:138.54,145.10 7 0
github.com/ANG13T/SatIntel/osint/satelliteposition.go:145.10,147.3 1 0
github.com/ANG13T/SatIntel/osint/satelliteposition.go:147.8,149.3 1 0
github.com/ANG13T/SatIntel/osint/sgp4.go:45.92,50.40 3 1
github.com/ANG13T/SatIntel/osint/sgp4.go:50.40,52.3 1 1
github.com/ANG13T/SatIntel/osint/sgp4.go:54.2,54.37 1 1
github.com/ANG13T/SatIntel/osint/sgp4.go:54.37,56.3 1 0
github.com/ANG13T/SatIntel/osint/sgp4.go:57.2,57.37 1 1
github.com/ANG13T/SatIntel/osint/sgp4.go:57.37,59.3 1 0
github.com/ANG13T/SatIntel/osint/sgp4.go:62.2,92.8 13 1
github.com/ANG13T/SatIntel/osint/sgp4.go:97.108,99.2 1 1
github.com/ANG13T/SatIntel/osint/sgp4.go:103.138,106.16 2 1
github.com/ANG13T/SatIntel/osint/sgp4.go:106.16,108.3 1 1
github.com/ANG13T/SatIntel/osint/sgp4.go:111.2,155.8 20 1
github.com/ANG13T/SatIntel/osint/sgp4.go:159.137,160.30 1 1
github.com/ANG13T/SatIntel/osint/sgp4.go:160.30,162.3 1 1
github.com/ANG13T/SatIntel/osint/sgp4.go:163.2,163.19 1 1
github.com/ANG13T/SatIntel/osint/sgp4.go:163.19,165.3 1 1
github.com/ANG13T/SatIntel/osint/sgp4.go:167.2,170.34 3 1
github.com/ANG13T/SatIntel/osint/sgp4.go:170.34,172.17 2 1
github.com/ANG13T/SatIntel/osint/sgp4.go:172.17,174.4 1 1
github.com/ANG13T/SatIntel/osint/sgp4.go:175.3,176.42 2 1
github.com/ANG13T/SatIntel/osint/sgp4.go:179.2,179.23 1 1
github.com/ANG13T/SatIntel/osint/sgp4.go:184.130,186.2 1 1
github.com/ANG13T/SatIntel/osint/sgp4.go:189.176,191.2 1 1
github.com/ANG13T/SatIntel/osint/sgp4.go:194.41,204.2 9 1
github.com/ANG13T/SatIntel/osint/sgp4.go:207.65,221.2 13 1
github.com/ANG13T/SatIntel/osint/tle.go:36.61,42.23 5 1
github.com/ANG13T/SatIntel/osint/tle.go:42.23,44.3 1 0
github.com/ANG13T/SatIntel/osint/tle.go:45.2,45.24 1 1
github.com/ANG13T/SatIntel/osint/tle.go:45.24,47.3 1 0
github.com/ANG13T/SatIntel/osint/tle.go:49.2,49.47 1 1
github.com/ANG13T/SatIntel/osint/tle.go:49.47,51.26 2 1
github.com/ANG13T/SatIntel/osint/tle.go:51.26,54.4 2 1
github.com/ANG13T/SatIntel/osint/tle.go:54.9,56.4 1 0
github.com/ANG13T/SatIntel/osint/tle.go:58.2,58.23 1 1
github.com/ANG13T/SatIntel/osint/tle.go:58.23,60.3 1 1
github.com/ANG13T/SatIntel/osint/tle.go:61.2,61.23 1 1
github.com/ANG13T/SatIntel/osint/tle.go:61.23,63.3 1 1
github.com/ANG13T/SatIntel/osint/tle.go:64.2,64.23 1 1
github.com/ANG13T/SatIntel/osint/tle.go:64.23,66.3 1 1
github.com/ANG13T/SatIntel/osint/tle.go:67.2,67.23 1 1
github.com/ANG13T/SatIntel/osint/tle.go:67.23,69.3 1 1
github.com/ANG13T/SatIntel/osint/tle.go:70.2,70.23 1 1
github.com/ANG13T/SatIntel/osint/tle.go:70.23,72.3 1 1
github.com/ANG13T/SatIntel/osint/tle.go:73.2,73.23 1 1
github.com/ANG13T/SatIntel/osint/tle.go:73.23,75.3 1 1
github.com/ANG13T/SatIntel/osint/tle.go:76.2,76.23 1 1
github.com/ANG13T/SatIntel/osint/tle.go:76.23,78.25 2 1
github.com/ANG13T/SatIntel/osint/tle.go:78.25,81.4 2 1
github.com/ANG13T/SatIntel/osint/tle.go:81.9,81.32 1 0
github.com/ANG13T/SatIntel/osint/tle.go:81.32,83.4 1 0
github.com/ANG13T/SatIntel/osint/tle.go:86.2,86.24 1 1
github.com/ANG13T/SatIntel/osint/tle.go:86.24,88.3 1 1
github.com/ANG13T/SatIntel/osint/tle.go:89.2,89.24 1 1
github.com/ANG13T/SatIntel/osint/tle.go:89.24,91.3 1 1
github.com/ANG13T/SatIntel/osint/tle.go:92.2,92.24 1 1
github.com/ANG13T/SatIntel/osint/tle.go:92.24,94.3 1 1
github.com/ANG13T/SatIntel/osint/tle.go:95.2,95.24 1 1
github.com/ANG13T/SatIntel/osint/tle.go:95.24,97.3 1 1
github.com/ANG13T/SatIntel/osint/tle.go:98.2,98.24 1 1
github.com/ANG13T/SatIntel/osint/tle.go:98.24,100.3 1 1
github.com/ANG13T/SatIntel/osint/tle.go:101.2,101.24 1 1
github.com/ANG13T/SatIntel/osint/tle.go:101.24,103.3 1 1
github.com/ANG13T/SatIntel/osint/tle.go:104.2,104.24 1 1
github.com/ANG13T/SatIntel/osint/tle.go:104.24,106.31 2 1
github.com/ANG13T/SatIntel/osint/tle.go:106.31,108.32 2 1
github.com/ANG13T/SatIntel/osint/tle.go:108.32,110.5 1 1
github.com/ANG13T/SatIntel/osint/tle.go:111.9,113.4 1 0
github.com/ANG13T/SatIntel/osint/tle.go:114.3,114.29 1 1
github.com/ANG13T/SatIntel/osint/tle.go:114.29,116.4 1 1
github.com/ANG13T/SatIntel/osint/tle.go:119.2,119.12 1 1
github.com/ANG13T/SatIntel/osint/tle.go:123.24,154.61 24 0
github.com/ANG13T/SatIntel/osint/tle.go:154.61,157.17 3 0
github.com/ANG13T/SatIntel/osint/tle.go:157.17,158.59 1 0
github.com/ANG13T/SatIntel/osint/tle.go:158.59,160.5 1 0
github.com/ANG13T/SatIntel/osint/tle.go:160.10,162.5 1 0
github.com/ANG13T/SatIntel/osint/tleparser.go:15.18,21.20 5 0
github.com/ANG13T/SatIntel/osint/tleparser.go:21.20,23.3 1 0
github.com/ANG13T/SatIntel/osint/tleparser.go:23.8,23.27 1 0
github.com/ANG13T/SatIntel/osint/tleparser.go:23.27,25.3 1 0
github.com/ANG13T/SatIntel/osint/tleparser.go:30.42,35.16 2 0
github.com/ANG13T/SatIntel/osint/tleparser.go:35.16,37.3 1 0
github.com/ANG13T/SatIntel/osint/tleparser.go:40.2,40.36 1 0
github.com/ANG13T/SatIntel/osint/tleparser.go:40.36,42.3 1 0
github.com/ANG13T/SatIntel/osint/tleparser.go:45.2,55.44 3 0
github.com/ANG13T/SatIntel/osint/tleparser.go:55.44,56.65 1 0
github.com/ANG13T/SatIntel/osint/tleparser.go:56.65,58.4 1 0
github.com/ANG13T/SatIntel/osint/tleparser.go:62.2,62.22 1 0
github.com/ANG13T/SatIntel/osint/tleparser.go:62.22,64.3 1 0
github.com/ANG13T/SatIntel/osint/tleparser.go:67.2,70.41 2 0
github.com/ANG13T/SatIntel/osint/tleparser.go:70.41,72.3 1 0
github.com/ANG13T/SatIntel/osint/tleparser.go:78.2,78.12 1 0
github.com/ANG13T/SatIntel/osint/tleparser.go:82.20,88.47 4 0
github.com/ANG13T/SatIntel/osint/tleparser.go:88.47,91.3 2 0
github.com/ANG13T/SatIntel/osint/tleparser.go:94.2,98.16 3 0
github.com/ANG13T/SatIntel/osint/tleparser.go:98.16,101.3 2 0
github.com/ANG13T/SatIntel/osint/tleparser.go:104.2,104.22 1 0
github.com/ANG13T/SatIntel/osint/tleparser.go:104.22,107.3 2 0
github.com/ANG13T/SatIntel/osint/tleparser.go:109.2,111.16 2 0
github.com/ANG13T/SatIntel/osint/tleparser.go:111.16,114.3 2 0
github.com/ANG13T/SatIntel/osint/tleparser.go:115.2,122.21 6 0
github.com/ANG13T/SatIntel/osint/tleparser.go:122.21,125.3 2 0
github.com/ANG13T/SatIntel/osint/tleparser.go:127.2,127.28 1 0
github.com/ANG13T/SatIntel/osint/tleparser.go:127.28,130.3 2 0
github.com/ANG13T/SatIntel/osint/tleparser.go:132.2,135.16 3 0
github.com/ANG13T/SatIntel/osint/tleparser.go:135.16,140.3 4 0
github.com/ANG13T/SatIntel/osint/tleparser.go:140.8,144.3 3 0
github.com/ANG13T/SatIntel/osint/tleparser.go:147.2,151.50 4 0
github.com/ANG13T/SatIntel/osint/tleparser.go:151.50,153.3 1 0
github.com/ANG13T/SatIntel/osint/tleparser.go:153.8,153.120 1 0
github.com/ANG13T/SatIntel/osint/tleparser.go:153.120,155.3 1 0
github.com/ANG13T/SatIntel/osint/tleparser.go:157.2,157.19 1 0
github.com/ANG13T/SatIntel/osint/tleparser.go:157.19,161.53 4 0
github.com/ANG13T/SatIntel/osint/tleparser.go:161.53,163.4 1 0
github.com/ANG13T/SatIntel/osint/tleparser.go:164.3,164.9 1 0
github.com/ANG13T/SatIntel/osint/tleparser.go:167.2,167.18 1 0
github.com/ANG13T/SatIntel/osint/tleparser.go:171.23,188.19 14 0
github.com/ANG13T/SatIntel/osint/tleparser.go:188.19,190.3 1 0
github.com/ANG13T/SatIntel/osint/tleparser.go:192.2,199.50 5 0
github.com/ANG13T/SatIntel/osint/tleparser.go:199.50,201.3 1 0
github.com/ANG13T/SatIntel/osint/tleparser.go:201.8,201.120 1 0
github.com/ANG13T/SatIntel/osint/tleparser.go:201.120,203.3 1 0
github.com/ANG13T/SatIntel/osint/tleparser.go:205.2,205.19 1 0
github.com/ANG13T/SatIntel/osint/tleparser.go:205.19,209.53 4 0
github.com/ANG13T/SatIntel/osint/tleparser.go:209.53,211.4 1 0
github.com/ANG13T/SatIntel/osint/tleparser.go:212.3,212.9 1 0
github.com/ANG13T/SatIntel/osint/tleparser.go:215.2,215.18 1 0
